2018-01-24 16:42:54,878 [ModalContext] INFO  o.e.m.c.i.e.AbstractTransferListenerAdapter - Downloading http://repo.maven.apache.org/maven2/org/apache/cocoon/cocoon-22-archetype-webapp/maven-metadata.xml
2018-01-24 16:42:56,144 [ModalContext] INFO  o.e.m.c.i.e.AbstractTransferListenerAdapter - Downloaded http://repo.maven.apache.org/maven2/org/apache/cocoon/cocoon-22-archetype-webapp/maven-metadata.xml
2018-01-24 16:42:56,775 [ModalContext] INFO  o.e.m.c.i.e.AbstractTransferListenerAdapter - Downloading http://repo.maven.apache.org/maven2/org/apache/cocoon/cocoon-22-archetype-webapp/1.0.0/cocoon-22-archetype-webapp-1.0.0.jar
2018-01-24 16:42:57,856 [ModalContext] INFO  o.e.m.c.i.e.AbstractTransferListenerAdapter - Downloaded http://repo.maven.apache.org/maven2/org/apache/cocoon/cocoon-22-archetype-webapp/1.0.0/cocoon-22-archetype-webapp-1.0.0.jar
2018-01-24 16:45:01,157 [Worker-5] INFO  o.e.m.c.i.e.AbstractTransferListenerAdapter - Downloading http://repo.maven.apache.org/maven2/org/apache/cocoon/cocoon-22-archetype-webapp/1.0.0/cocoon-22-archetype-webapp-1.0.0.pom
2018-01-24 16:45:02,396 [Worker-5] INFO  o.e.m.c.i.e.AbstractTransferListenerAdapter - Downloaded http://repo.maven.apache.org/maven2/org/apache/cocoon/cocoon-22-archetype-webapp/1.0.0/cocoon-22-archetype-webapp-1.0.0.pom
2018-01-24 16:45:02,429 [pool-2-thread-1] INFO  o.e.m.c.i.e.AbstractTransferListenerAdapter - Downloaded file:///E:/maven/repository/org/apache/cocoon/cocoon-22-archetype-webapp/1.0.0/cocoon-22-archetype-webapp-1.0.0.jar
2018-01-24 16:45:02,523 [Worker-5] INFO  o.e.m.c.i.p.ProjectConfigurationManager - Collecting project info '/pom.xml' E:\workspace\webApp\pom.xml
2018-01-24 16:45:03,963 [Worker-5] INFO  o.e.m.c.i.l.LifecycleMappingFactory - Using org.maven.ide.eclipse.wtp.WarLifecycleMapping lifecycle mapping for MavenProject: ch.com:webApp:0.0.1-SNAPSHOT @ E:\workspace\webApp\pom.xml.
2018-01-24 16:45:05,224 [Worker-5] INFO  o.e.m.j.i.AbstractJavaProjectConfigurator - Adding source folder /webApp/src/main/java
2018-01-24 16:45:05,226 [Worker-12] INFO  o.e.m.c.i.l.LifecycleMappingFactory - Using org.maven.ide.eclipse.wtp.WarLifecycleMapping lifecycle mapping for MavenProject: ch.com:webApp:0.0.1-SNAPSHOT @ E:\workspace\webApp\pom.xml.
2018-01-24 16:45:05,233 [Worker-5] INFO  o.e.m.j.i.AbstractJavaProjectConfigurator - Adding resource folder /webApp/src/main/resources
2018-01-24 16:45:05,234 [Worker-5] INFO  o.e.m.j.i.AbstractJavaProjectConfigurator - Adding source folder /webApp/src/test/java
2018-01-24 16:45:06,329 [Worker-12] WARN  o.e.m.w.i.utilities.DebugUtilities - ==============Processing webApp dependencies ===============
2018-01-24 16:45:07,526 [Worker-5] INFO  o.e.m.c.i.p.ProjectConfigurationManager - Imported and configured 1 project(s) in 5 sec
2018-01-24 16:45:07,996 [Worker-8] INFO  o.e.m.c.i.l.LifecycleMappingFactory - Using org.maven.ide.eclipse.wtp.WarLifecycleMapping lifecycle mapping for MavenProject: ch.com:webApp:0.0.1-SNAPSHOT @ E:\workspace\webApp\pom.xml.
2018-01-24 16:45:08,002 [Worker-8] WARN  o.e.m.w.i.utilities.DebugUtilities - ==============Processing webApp dependencies ===============
2018-01-24 16:45:08,769 [Worker-8] INFO  o.e.m.c.i.e.AbstractTransferListenerAdapter - Downloading http://repo.maven.apache.org/maven2/org/mortbay/jetty/maven-jetty-plugin/6.1.7/maven-jetty-plugin-6.1.7.pom
2018-01-24 16:45:09,881 [Worker-8] INFO  o.e.m.c.i.e.AbstractTransferListenerAdapter - Downloaded http://repo.maven.apache.org/maven2/org/mortbay/jetty/maven-jetty-plugin/6.1.7/maven-jetty-plugin-6.1.7.pom
2018-01-24 16:45:10,252 [Worker-8] INFO  o.e.m.c.i.e.AbstractTransferListenerAdapter - Downloading http://repo.maven.apache.org/maven2/org/mortbay/jetty/project/6.1.7/project-6.1.7.pom
2018-01-24 16:45:11,010 [Worker-8] INFO  o.e.m.c.i.e.AbstractTransferListenerAdapter - Downloaded http://repo.maven.apache.org/maven2/org/mortbay/jetty/project/6.1.7/project-6.1.7.pom
2018-01-24 16:45:11,382 [Worker-8] INFO  o.e.m.c.i.e.AbstractTransferListenerAdapter - Downloading http://repo.maven.apache.org/maven2/org/mortbay/jetty/maven-jetty-plugin/6.1.7/maven-jetty-plugin-6.1.7.jar
2018-01-24 16:45:13,403 [Worker-8] INFO  o.e.m.c.i.e.AbstractTransferListenerAdapter - Downloaded http://repo.maven.apache.org/maven2/org/mortbay/jetty/maven-jetty-plugin/6.1.7/maven-jetty-plugin-6.1.7.jar
2018-01-24 16:45:13,655 [Worker-8] WARN  o.e.m.c.i.embedder.EclipseLogger - Using platform encoding (GBK actually) to copy filtered resources, i.e. build is platform dependent!
2018-01-24 16:45:13,660 [Worker-8] INFO  o.e.m.c.i.embedder.EclipseLogger - Copying 0 resource
2018-01-24 16:45:13,662 [Worker-8] WARN  o.e.m.c.i.embedder.EclipseLogger - Using platform encoding (GBK actually) to copy filtered resources, i.e. build is platform dependent!
2018-01-24 16:45:13,667 [Worker-8] INFO  o.e.m.c.i.embedder.EclipseLogger - skip non existing resourceDirectory E:\workspace\webApp\src\test\resources
2018-01-24 16:45:14,217 [Worker-9] INFO  o.e.m.c.i.l.LifecycleMappingFactory - Using org.maven.ide.eclipse.wtp.WarLifecycleMapping lifecycle mapping for MavenProject: ch.com:webApp:0.0.1-SNAPSHOT @ E:\workspace\webApp\pom.xml.
2018-01-24 16:45:14,223 [Worker-9] WARN  o.e.m.w.i.utilities.DebugUtilities - ==============Processing webApp dependencies ===============
2018-01-24 16:45:14,272 [Worker-9] WARN  o.e.m.c.i.embedder.EclipseLogger - Using platform encoding (GBK actually) to copy filtered resources, i.e. build is platform dependent!
2018-01-24 16:45:14,284 [Worker-9] INFO  o.e.m.c.i.embedder.EclipseLogger - Copying 0 resource
2018-01-24 16:45:14,286 [Worker-9] WARN  o.e.m.c.i.embedder.EclipseLogger - Using platform encoding (GBK actually) to copy filtered resources, i.e. build is platform dependent!
2018-01-24 16:45:14,290 [Worker-9] INFO  o.e.m.c.i.embedder.EclipseLogger - skip non existing resourceDirectory E:\workspace\webApp\src\test\resources
2018-01-24 16:49:42,459 [Worker-16] WARN  o.e.m.c.i.embedder.EclipseLogger - Using platform encoding (GBK actually) to copy filtered resources, i.e. build is platform dependent!
2018-01-24 16:49:42,464 [Worker-16] INFO  o.e.m.c.i.embedder.EclipseLogger - Copying 0 resource
2018-01-24 16:49:42,465 [Worker-16] WARN  o.e.m.c.i.embedder.EclipseLogger - Using platform encoding (GBK actually) to copy filtered resources, i.e. build is platform dependent!
2018-01-24 16:49:42,470 [Worker-16] INFO  o.e.m.c.i.embedder.EclipseLogger - skip non existing resourceDirectory E:\workspace\webApp\src\test\resources
2018-01-25 14:20:01,130 [Worker-3] INFO  o.e.m.c.i.l.LifecycleMappingFactory - Using org.maven.ide.eclipse.wtp.WarLifecycleMapping lifecycle mapping for MavenProject: com.lin:ssm_server:0.0.1-SNAPSHOT @ E:\workspace\ssm_server\pom.xml.
2018-01-25 14:20:03,329 [Worker-3] INFO  o.e.m.j.i.AbstractJavaProjectConfigurator - Adding source folder /ssm_server/src/main/java
2018-01-25 14:20:03,337 [Worker-3] INFO  o.e.m.j.i.AbstractJavaProjectConfigurator - Adding resource folder /ssm_server/src/main/resources
2018-01-25 14:20:03,338 [Worker-3] INFO  o.e.m.j.i.AbstractJavaProjectConfigurator - Adding source folder /ssm_server/src/test/java
2018-01-25 14:20:03,338 [Worker-3] INFO  o.e.m.j.i.AbstractJavaProjectConfigurator - Adding resource folder /ssm_server/src/test/resources
2018-01-25 14:20:03,845 [Worker-5] INFO  o.e.m.c.i.l.LifecycleMappingFactory - Using org.maven.ide.eclipse.wtp.WarLifecycleMapping lifecycle mapping for MavenProject: com.lin:ssm_server:0.0.1-SNAPSHOT @ E:\workspace\ssm_server\pom.xml.
2018-01-25 14:20:06,144 [Worker-5] WARN  o.e.m.w.i.utilities.DebugUtilities - ==============Processing ssm_server dependencies ===============
2018-01-25 14:20:07,531 [Worker-5] INFO  o.e.m.c.i.l.LifecycleMappingFactory - Using org.maven.ide.eclipse.wtp.WarLifecycleMapping lifecycle mapping for MavenProject: com.lin:ssm_server:0.0.1-SNAPSHOT @ E:\workspace\ssm_server\pom.xml.
2018-01-25 14:20:07,538 [Worker-5] WARN  o.e.m.w.i.utilities.DebugUtilities - ==============Processing ssm_server dependencies ===============
2018-01-25 14:20:07,616 [Worker-5] WARN  o.e.m.c.i.embedder.EclipseLogger - Using platform encoding (GBK actually) to copy filtered resources, i.e. build is platform dependent!
2018-01-25 14:20:07,627 [Worker-5] INFO  o.e.m.c.i.embedder.EclipseLogger - Copying 0 resource
2018-01-25 14:20:07,630 [Worker-5] WARN  o.e.m.c.i.embedder.EclipseLogger - Using platform encoding (GBK actually) to copy filtered resources, i.e. build is platform dependent!
2018-01-25 14:20:07,637 [Worker-5] INFO  o.e.m.c.i.embedder.EclipseLogger - Copying 0 resource
2018-01-25 14:20:59,734 [Worker-7] WARN  o.e.m.c.i.embedder.EclipseLogger - Using platform encoding (GBK actually) to copy filtered resources, i.e. build is platform dependent!
2018-01-25 14:20:59,754 [Worker-7] INFO  o.e.m.c.i.embedder.EclipseLogger - Copying 0 resource
2018-01-25 14:20:59,755 [Worker-7] WARN  o.e.m.c.i.embedder.EclipseLogger - Using platform encoding (GBK actually) to copy filtered resources, i.e. build is platform dependent!
2018-01-25 14:20:59,760 [Worker-7] INFO  o.e.m.c.i.embedder.EclipseLogger - Copying 0 resource
2018-01-25 14:21:49,586 [Worker-1] WARN  o.e.m.c.i.embedder.EclipseLogger - Using platform encoding (GBK actually) to copy filtered resources, i.e. build is platform dependent!
2018-01-25 14:21:49,591 [Worker-1] INFO  o.e.m.c.i.embedder.EclipseLogger - Copying 0 resource
2018-01-25 14:21:49,593 [Worker-1] WARN  o.e.m.c.i.embedder.EclipseLogger - Using platform encoding (GBK actually) to copy filtered resources, i.e. build is platform dependent!
2018-01-25 14:21:49,598 [Worker-1] INFO  o.e.m.c.i.embedder.EclipseLogger - Copying 0 resource
2018-01-25 14:21:51,894 [Worker-2] INFO  o.e.m.c.i.l.LifecycleMappingFactory - Using org.maven.ide.eclipse.wtp.WarLifecycleMapping lifecycle mapping for MavenProject: com.lin:ssm_server:0.0.1-SNAPSHOT @ E:\workspace\ssm_server\pom.xml.
2018-01-25 14:21:51,900 [Worker-2] WARN  o.e.m.w.i.utilities.DebugUtilities - ==============Processing ssm_server dependencies ===============
2018-01-25 14:21:51,950 [Worker-2] WARN  o.e.m.c.i.embedder.EclipseLogger - Using platform encoding (GBK actually) to copy filtered resources, i.e. build is platform dependent!
2018-01-25 14:21:51,957 [Worker-2] INFO  o.e.m.c.i.embedder.EclipseLogger - Copying 0 resource
2018-01-25 14:21:51,958 [Worker-2] WARN  o.e.m.c.i.embedder.EclipseLogger - Using platform encoding (GBK actually) to copy filtered resources, i.e. build is platform dependent!
2018-01-25 14:21:51,963 [Worker-2] INFO  o.e.m.c.i.embedder.EclipseLogger - Copying 0 resource
2018-01-25 14:24:56,568 [Worker-9] WARN  o.e.m.c.i.embedder.EclipseLogger - Using platform encoding (GBK actually) to copy filtered resources, i.e. build is platform dependent!
2018-01-25 14:24:56,573 [Worker-9] INFO  o.e.m.c.i.embedder.EclipseLogger - Copying 0 resource
2018-01-25 14:24:56,574 [Worker-9] WARN  o.e.m.c.i.embedder.EclipseLogger - Using platform encoding (GBK actually) to copy filtered resources, i.e. build is platform dependent!
2018-01-25 14:24:56,579 [Worker-9] INFO  o.e.m.c.i.embedder.EclipseLogger - Copying 0 resource
2018-01-25 16:10:49,691 [Worker-21] WARN  o.e.m.c.i.embedder.EclipseLogger - Using platform encoding (GBK actually) to copy filtered resources, i.e. build is platform dependent!
2018-01-25 16:10:49,696 [Worker-21] INFO  o.e.m.c.i.embedder.EclipseLogger - Copying 0 resource
2018-01-25 16:10:49,697 [Worker-21] WARN  o.e.m.c.i.embedder.EclipseLogger - Using platform encoding (GBK actually) to copy filtered resources, i.e. build is platform dependent!
2018-01-25 16:10:49,702 [Worker-21] INFO  o.e.m.c.i.embedder.EclipseLogger - Copying 0 resource
2018-01-26 08:47:47,035 [Worker-1] INFO  o.e.m.c.i.l.LifecycleMappingFactory - Using org.maven.ide.eclipse.wtp.WarLifecycleMapping lifecycle mapping for MavenProject: com.lin:ssm_server:0.0.1-SNAPSHOT @ E:\workspace\ssm_server\pom.xml.
2018-01-26 08:47:47,035 [Worker-0] INFO  o.e.m.c.i.l.LifecycleMappingFactory - Using org.maven.ide.eclipse.wtp.WarLifecycleMapping lifecycle mapping for MavenProject: com.lin:ssm_server:0.0.1-SNAPSHOT @ E:\workspace\ssm_server\pom.xml.
2018-01-26 08:47:47,089 [Worker-1] WARN  o.e.m.w.i.utilities.DebugUtilities - ==============Processing ssm_server dependencies ===============
2018-01-26 08:47:49,182 [Worker-4] INFO  o.e.m.c.i.l.LifecycleMappingFactory - Using org.maven.ide.eclipse.wtp.WarLifecycleMapping lifecycle mapping for MavenProject: com.lin:ssm_server:0.0.1-SNAPSHOT @ E:\workspace\ssm_server\pom.xml.
2018-01-26 08:47:49,196 [Worker-1] WARN  o.e.m.c.i.embedder.EclipseLogger - Using platform encoding (GBK actually) to copy filtered resources, i.e. build is platform dependent!
2018-01-26 08:47:49,203 [Worker-1] INFO  o.e.m.c.i.embedder.EclipseLogger - Copying 0 resource
2018-01-26 08:47:49,205 [Worker-1] WARN  o.e.m.c.i.embedder.EclipseLogger - Using platform encoding (GBK actually) to copy filtered resources, i.e. build is platform dependent!
2018-01-26 08:47:49,210 [Worker-1] INFO  o.e.m.c.i.embedder.EclipseLogger - Copying 0 resource
2018-01-26 08:47:49,290 [Worker-4] WARN  o.e.m.w.i.utilities.DebugUtilities - ==============Processing ssm_server dependencies ===============
2018-01-26 08:47:50,341 [Worker-1] WARN  o.e.m.c.i.embedder.EclipseLogger - Using platform encoding (GBK actually) to copy filtered resources, i.e. build is platform dependent!
2018-01-26 08:47:50,350 [Worker-1] INFO  o.e.m.c.i.embedder.EclipseLogger - Copying 0 resource
2018-01-26 08:47:50,351 [Worker-1] WARN  o.e.m.c.i.embedder.EclipseLogger - Using platform encoding (GBK actually) to copy filtered resources, i.e. build is platform dependent!
2018-01-26 08:47:50,356 [Worker-1] INFO  o.e.m.c.i.embedder.EclipseLogger - Copying 0 resource
2018-01-29 10:47:30,343 [Worker-1] INFO  o.e.m.c.i.l.LifecycleMappingFactory - Using org.maven.ide.eclipse.wtp.WarLifecycleMapping lifecycle mapping for MavenProject: com.lin:ssm_server:0.0.1-SNAPSHOT @ E:\workspace\ssm_server\pom.xml.
2018-01-29 10:47:30,343 [Worker-4] INFO  o.e.m.c.i.l.LifecycleMappingFactory - Using org.maven.ide.eclipse.wtp.WarLifecycleMapping lifecycle mapping for MavenProject: com.lin:ssm_server:0.0.1-SNAPSHOT @ E:\workspace\ssm_server\pom.xml.
2018-01-29 10:47:30,386 [Worker-1] WARN  o.e.m.w.i.utilities.DebugUtilities - ==============Processing ssm_server dependencies ===============
2018-01-29 10:47:32,343 [Worker-1] WARN  o.e.m.c.i.embedder.EclipseLogger - Using platform encoding (GBK actually) to copy filtered resources, i.e. build is platform dependent!
2018-01-29 10:47:32,350 [Worker-1] INFO  o.e.m.c.i.embedder.EclipseLogger - Copying 0 resource
2018-01-29 10:47:32,352 [Worker-1] WARN  o.e.m.c.i.embedder.EclipseLogger - Using platform encoding (GBK actually) to copy filtered resources, i.e. build is platform dependent!
2018-01-29 10:47:32,357 [Worker-1] INFO  o.e.m.c.i.embedder.EclipseLogger - Copying 0 resource
2018-01-29 10:47:32,452 [Worker-8] INFO  o.e.m.c.i.l.LifecycleMappingFactory - Using org.maven.ide.eclipse.wtp.WarLifecycleMapping lifecycle mapping for MavenProject: com.lin:ssm_server:0.0.1-SNAPSHOT @ E:\workspace\ssm_server\pom.xml.
2018-01-29 10:47:32,471 [Worker-8] WARN  o.e.m.w.i.utilities.DebugUtilities - ==============Processing ssm_server dependencies ===============
2018-01-29 10:47:33,599 [Worker-1] WARN  o.e.m.c.i.embedder.EclipseLogger - Using platform encoding (GBK actually) to copy filtered resources, i.e. build is platform dependent!
2018-01-29 10:47:33,616 [Worker-1] INFO  o.e.m.c.i.embedder.EclipseLogger - Copying 0 resource
2018-01-29 10:47:33,618 [Worker-1] WARN  o.e.m.c.i.embedder.EclipseLogger - Using platform encoding (GBK actually) to copy filtered resources, i.e. build is platform dependent!
2018-01-29 10:47:33,625 [Worker-1] INFO  o.e.m.c.i.embedder.EclipseLogger - Copying 0 resource
2018-01-29 15:48:25,282 [Worker-1] INFO  o.e.m.c.i.l.LifecycleMappingFactory - Using org.maven.ide.eclipse.wtp.WarLifecycleMapping lifecycle mapping for MavenProject: com.lin:ssm_server:0.0.1-SNAPSHOT @ E:\workspace\ssm_server\pom.xml.
2018-01-29 15:48:25,310 [Worker-1] WARN  o.e.m.w.i.utilities.DebugUtilities - ==============Processing ssm_server dependencies ===============
2018-01-29 15:48:25,880 [Worker-1] WARN  o.e.m.c.i.embedder.EclipseLogger - Using platform encoding (GBK actually) to copy filtered resources, i.e. build is platform dependent!
2018-01-29 15:48:25,888 [Worker-1] INFO  o.e.m.c.i.embedder.EclipseLogger - Copying 0 resource
2018-01-29 15:48:25,889 [Worker-1] WARN  o.e.m.c.i.embedder.EclipseLogger - Using platform encoding (GBK actually) to copy filtered resources, i.e. build is platform dependent!
2018-01-29 15:48:25,894 [Worker-1] INFO  o.e.m.c.i.embedder.EclipseLogger - Copying 0 resource
2018-01-29 15:48:26,611 [Worker-2] INFO  o.e.m.c.i.l.LifecycleMappingFactory - Using org.maven.ide.eclipse.wtp.WarLifecycleMapping lifecycle mapping for MavenProject: com.lin:ssm_server:0.0.1-SNAPSHOT @ E:\workspace\ssm_server\pom.xml.
2018-01-29 15:48:26,619 [Worker-2] WARN  o.e.m.w.i.utilities.DebugUtilities - ==============Processing ssm_server dependencies ===============
2018-01-29 15:48:27,173 [Worker-2] WARN  o.e.m.c.i.embedder.EclipseLogger - Using platform encoding (GBK actually) to copy filtered resources, i.e. build is platform dependent!
2018-01-29 15:48:27,180 [Worker-2] INFO  o.e.m.c.i.embedder.EclipseLogger - Copying 0 resource
2018-01-29 15:48:27,181 [Worker-2] WARN  o.e.m.c.i.embedder.EclipseLogger - Using platform encoding (GBK actually) to copy filtered resources, i.e. build is platform dependent!
2018-01-29 15:48:27,186 [Worker-2] INFO  o.e.m.c.i.embedder.EclipseLogger - Copying 0 resource
2018-01-29 15:58:11,968 [Worker-0] INFO  o.e.m.c.i.l.LifecycleMappingFactory - Using org.maven.ide.eclipse.wtp.WarLifecycleMapping lifecycle mapping for MavenProject: com.lin:ssm_server:0.0.1-SNAPSHOT @ E:\workspace\ssm_server\pom.xml.
2018-01-29 15:58:11,989 [Worker-0] WARN  o.e.m.w.i.utilities.DebugUtilities - ==============Processing ssm_server dependencies ===============
2018-01-29 15:58:12,485 [Worker-0] WARN  o.e.m.c.i.embedder.EclipseLogger - Using platform encoding (GBK actually) to copy filtered resources, i.e. build is platform dependent!
2018-01-29 15:58:12,494 [Worker-0] INFO  o.e.m.c.i.embedder.EclipseLogger - Copying 0 resource
2018-01-29 15:58:12,496 [Worker-0] WARN  o.e.m.c.i.embedder.EclipseLogger - Using platform encoding (GBK actually) to copy filtered resources, i.e. build is platform dependent!
2018-01-29 15:58:12,501 [Worker-0] INFO  o.e.m.c.i.embedder.EclipseLogger - Copying 0 resource
2018-01-29 15:58:13,542 [Worker-2] INFO  o.e.m.c.i.l.LifecycleMappingFactory - Using org.maven.ide.eclipse.wtp.WarLifecycleMapping lifecycle mapping for MavenProject: com.lin:ssm_server:0.0.1-SNAPSHOT @ E:\workspace\ssm_server\pom.xml.
2018-01-29 15:58:13,551 [Worker-2] WARN  o.e.m.w.i.utilities.DebugUtilities - ==============Processing ssm_server dependencies ===============
2018-01-29 15:58:13,802 [Worker-6] WARN  o.e.m.c.i.embedder.EclipseLogger - Using platform encoding (GBK actually) to copy filtered resources, i.e. build is platform dependent!
2018-01-29 15:58:13,810 [Worker-6] INFO  o.e.m.c.i.embedder.EclipseLogger - Copying 0 resource
2018-01-29 15:58:13,811 [Worker-6] WARN  o.e.m.c.i.embedder.EclipseLogger - Using platform encoding (GBK actually) to copy filtered resources, i.e. build is platform dependent!
2018-01-29 15:58:13,817 [Worker-6] INFO  o.e.m.c.i.embedder.EclipseLogger - Copying 0 resource
2018-01-29 16:06:10,369 [Worker-14] INFO  o.e.m.w.i.f.ResourceFilteringBuildParticipant - Cleaning filtered folder for ssm_server
2018-01-29 16:06:11,035 [Worker-14] WARN  o.e.m.c.i.embedder.EclipseLogger - Using platform encoding (GBK actually) to copy filtered resources, i.e. build is platform dependent!
2018-01-29 16:06:11,041 [Worker-14] INFO  o.e.m.c.i.embedder.EclipseLogger - Copying 0 resource
2018-01-29 16:06:11,042 [Worker-14] WARN  o.e.m.c.i.embedder.EclipseLogger - Using platform encoding (GBK actually) to copy filtered resources, i.e. build is platform dependent!
2018-01-29 16:06:11,047 [Worker-14] INFO  o.e.m.c.i.embedder.EclipseLogger - Copying 0 resource
2018-01-29 16:06:40,984 [Worker-0] INFO  o.e.m.c.i.l.LifecycleMappingFactory - Using org.maven.ide.eclipse.wtp.WarLifecycleMapping lifecycle mapping for MavenProject: com.lin:ssm_server:0.0.1-SNAPSHOT @ E:\workspace\ssm_server\pom.xml.
2018-01-29 16:06:41,000 [Worker-0] WARN  o.e.m.w.i.utilities.DebugUtilities - ==============Processing ssm_server dependencies ===============
2018-01-29 16:06:41,509 [Worker-0] WARN  o.e.m.c.i.embedder.EclipseLogger - Using platform encoding (GBK actually) to copy filtered resources, i.e. build is platform dependent!
2018-01-29 16:06:41,517 [Worker-0] INFO  o.e.m.c.i.embedder.EclipseLogger - Copying 0 resource
2018-01-29 16:06:41,519 [Worker-0] WARN  o.e.m.c.i.embedder.EclipseLogger - Using platform encoding (GBK actually) to copy filtered resources, i.e. build is platform dependent!
2018-01-29 16:06:41,525 [Worker-0] INFO  o.e.m.c.i.embedder.EclipseLogger - Copying 0 resource
2018-01-29 16:06:41,539 [Worker-1] INFO  o.e.m.c.i.l.LifecycleMappingFactory - Using org.maven.ide.eclipse.wtp.WarLifecycleMapping lifecycle mapping for MavenProject: com.lin:ssm_server:0.0.1-SNAPSHOT @ E:\workspace\ssm_server\pom.xml.
2018-01-29 16:06:41,595 [Worker-1] WARN  o.e.m.w.i.utilities.DebugUtilities - ==============Processing ssm_server dependencies ===============
2018-01-29 16:06:42,603 [Worker-4] WARN  o.e.m.c.i.embedder.EclipseLogger - Using platform encoding (GBK actually) to copy filtered resources, i.e. build is platform dependent!
2018-01-29 16:06:42,610 [Worker-4] INFO  o.e.m.c.i.embedder.EclipseLogger - Copying 0 resource
2018-01-29 16:06:42,611 [Worker-4] WARN  o.e.m.c.i.embedder.EclipseLogger - Using platform encoding (GBK actually) to copy filtered resources, i.e. build is platform dependent!
2018-01-29 16:06:42,616 [Worker-4] INFO  o.e.m.c.i.embedder.EclipseLogger - Copying 0 resource
2018-01-29 16:09:18,867 [Worker-9] WARN  o.e.m.c.i.embedder.EclipseLogger - Using platform encoding (GBK actually) to copy filtered resources, i.e. build is platform dependent!
2018-01-29 16:09:18,872 [Worker-9] INFO  o.e.m.c.i.embedder.EclipseLogger - Copying 0 resource
2018-01-29 16:09:18,874 [Worker-9] WARN  o.e.m.c.i.embedder.EclipseLogger - Using platform encoding (GBK actually) to copy filtered resources, i.e. build is platform dependent!
2018-01-29 16:09:18,878 [Worker-9] INFO  o.e.m.c.i.embedder.EclipseLogger - Copying 0 resource
2018-01-30 08:46:40,097 [Worker-5] INFO  o.e.m.c.i.l.LifecycleMappingFactory - Using org.maven.ide.eclipse.wtp.WarLifecycleMapping lifecycle mapping for MavenProject: com.lin:ssm_server:0.0.1-SNAPSHOT @ E:\workspace\ssm_server\pom.xml.
2018-01-30 08:46:40,097 [Worker-4] INFO  o.e.m.c.i.l.LifecycleMappingFactory - Using org.maven.ide.eclipse.wtp.WarLifecycleMapping lifecycle mapping for MavenProject: com.lin:ssm_server:0.0.1-SNAPSHOT @ E:\workspace\ssm_server\pom.xml.
2018-01-30 08:46:40,162 [Worker-5] WARN  o.e.m.w.i.utilities.DebugUtilities - ==============Processing ssm_server dependencies ===============
2018-01-30 08:46:42,186 [Worker-5] WARN  o.e.m.c.i.embedder.EclipseLogger - Using platform encoding (GBK actually) to copy filtered resources, i.e. build is platform dependent!
2018-01-30 08:46:42,194 [Worker-5] INFO  o.e.m.c.i.embedder.EclipseLogger - Copying 0 resource
2018-01-30 08:46:42,197 [Worker-5] WARN  o.e.m.c.i.embedder.EclipseLogger - Using platform encoding (GBK actually) to copy filtered resources, i.e. build is platform dependent!
2018-01-30 08:46:42,202 [Worker-5] INFO  o.e.m.c.i.embedder.EclipseLogger - Copying 0 resource
2018-01-30 08:46:42,256 [Worker-1] INFO  o.e.m.c.i.l.LifecycleMappingFactory - Using org.maven.ide.eclipse.wtp.WarLifecycleMapping lifecycle mapping for MavenProject: com.lin:ssm_server:0.0.1-SNAPSHOT @ E:\workspace\ssm_server\pom.xml.
2018-01-30 08:46:42,329 [Worker-1] WARN  o.e.m.w.i.utilities.DebugUtilities - ==============Processing ssm_server dependencies ===============
2018-01-30 08:46:43,309 [Worker-1] WARN  o.e.m.c.i.embedder.EclipseLogger - Using platform encoding (GBK actually) to copy filtered resources, i.e. build is platform dependent!
2018-01-30 08:46:43,348 [Worker-1] INFO  o.e.m.c.i.embedder.EclipseLogger - Copying 0 resource
2018-01-30 08:46:43,350 [Worker-1] WARN  o.e.m.c.i.embedder.EclipseLogger - Using platform encoding (GBK actually) to copy filtered resources, i.e. build is platform dependent!
2018-01-30 08:46:43,355 [Worker-1] INFO  o.e.m.c.i.embedder.EclipseLogger - Copying 0 resource
2018-01-30 08:55:25,883 [Worker-5] INFO  o.e.m.c.i.l.LifecycleMappingFactory - Using org.maven.ide.eclipse.wtp.WarLifecycleMapping lifecycle mapping for MavenProject: com.lin:ssm_server:0.0.1-SNAPSHOT @ E:\workspace\ssm_server\pom.xml.
2018-01-30 08:55:25,883 [Worker-2] INFO  o.e.m.c.i.l.LifecycleMappingFactory - Using org.maven.ide.eclipse.wtp.WarLifecycleMapping lifecycle mapping for MavenProject: com.lin:ssm_server:0.0.1-SNAPSHOT @ E:\workspace\ssm_server\pom.xml.
2018-01-30 08:55:25,948 [Worker-2] WARN  o.e.m.w.i.utilities.DebugUtilities - ==============Processing ssm_server dependencies ===============
2018-01-30 08:55:28,232 [Worker-6] INFO  o.e.m.c.i.l.LifecycleMappingFactory - Using org.maven.ide.eclipse.wtp.WarLifecycleMapping lifecycle mapping for MavenProject: com.lin:ssm_server:0.0.1-SNAPSHOT @ E:\workspace\ssm_server\pom.xml.
2018-01-30 08:55:28,239 [Worker-2] WARN  o.e.m.c.i.embedder.EclipseLogger - Using platform encoding (GBK actually) to copy filtered resources, i.e. build is platform dependent!
2018-01-30 08:55:28,246 [Worker-2] INFO  o.e.m.c.i.embedder.EclipseLogger - Copying 0 resource
2018-01-30 08:55:28,248 [Worker-2] WARN  o.e.m.c.i.embedder.EclipseLogger - Using platform encoding (GBK actually) to copy filtered resources, i.e. build is platform dependent!
2018-01-30 08:55:28,252 [Worker-2] INFO  o.e.m.c.i.embedder.EclipseLogger - Copying 0 resource
2018-01-30 08:55:28,383 [Worker-6] WARN  o.e.m.w.i.utilities.DebugUtilities - ==============Processing ssm_server dependencies ===============
2018-01-30 08:55:29,805 [Worker-5] WARN  o.e.m.c.i.embedder.EclipseLogger - Using platform encoding (GBK actually) to copy filtered resources, i.e. build is platform dependent!
2018-01-30 08:55:29,823 [Worker-5] INFO  o.e.m.c.i.embedder.EclipseLogger - Copying 0 resource
2018-01-30 08:55:29,824 [Worker-5] WARN  o.e.m.c.i.embedder.EclipseLogger - Using platform encoding (GBK actually) to copy filtered resources, i.e. build is platform dependent!
2018-01-30 08:55:29,830 [Worker-5] INFO  o.e.m.c.i.embedder.EclipseLogger - Copying 0 resource
2018-01-30 14:42:09,237 [Worker-74] INFO  o.e.m.c.i.e.AbstractTransferListenerAdapter - Downloading http://repo.maven.apache.org/maven2/org/mybatis/mybatis-parent/29/mybatis-parent-29.pom
2018-01-30 14:42:11,739 [Worker-74] INFO  o.e.m.c.i.e.AbstractTransferListenerAdapter - Downloaded http://repo.maven.apache.org/maven2/org/mybatis/mybatis-parent/29/mybatis-parent-29.pom
2018-01-30 14:42:12,376 [Worker-74] INFO  o.e.m.c.i.e.AbstractTransferListenerAdapter - Downloading http://repo.maven.apache.org/maven2/org/apache/maven/wagon/wagon-ssh/2.12/wagon-ssh-2.12.pom
2018-01-30 14:42:13,658 [Worker-74] INFO  o.e.m.c.i.e.AbstractTransferListenerAdapter - Downloaded http://repo.maven.apache.org/maven2/org/apache/maven/wagon/wagon-ssh/2.12/wagon-ssh-2.12.pom
2018-01-30 14:42:14,302 [Worker-74] INFO  o.e.m.c.i.e.AbstractTransferListenerAdapter - Downloading http://repo.maven.apache.org/maven2/org/apache/maven/wagon/wagon-providers/2.12/wagon-providers-2.12.pom
2018-01-30 14:42:15,257 [Worker-74] INFO  o.e.m.c.i.e.AbstractTransferListenerAdapter - Downloaded http://repo.maven.apache.org/maven2/org/apache/maven/wagon/wagon-providers/2.12/wagon-providers-2.12.pom
2018-01-30 14:42:15,674 [Worker-74] INFO  o.e.m.c.i.e.AbstractTransferListenerAdapter - Downloading http://repo.maven.apache.org/maven2/org/apache/maven/wagon/wagon/2.12/wagon-2.12.pom
2018-01-30 14:42:16,862 [Worker-74] INFO  o.e.m.c.i.e.AbstractTransferListenerAdapter - Downloaded http://repo.maven.apache.org/maven2/org/apache/maven/wagon/wagon/2.12/wagon-2.12.pom
2018-01-30 14:42:17,493 [Worker-74] INFO  o.e.m.c.i.e.AbstractTransferListenerAdapter - Downloading http://repo.maven.apache.org/maven2/org/apache/maven/maven-parent/27/maven-parent-27.pom
2018-01-30 14:42:19,423 [Worker-74] INFO  o.e.m.c.i.e.AbstractTransferListenerAdapter - Downloaded http://repo.maven.apache.org/maven2/org/apache/maven/maven-parent/27/maven-parent-27.pom
2018-01-30 14:42:20,082 [Worker-74] INFO  o.e.m.c.i.e.AbstractTransferListenerAdapter - Downloading http://repo.maven.apache.org/maven2/org/apache/apache/17/apache-17.pom
2018-01-30 14:42:22,620 [Worker-74] INFO  o.e.m.c.i.e.AbstractTransferListenerAdapter - Downloaded http://repo.maven.apache.org/maven2/org/apache/apache/17/apache-17.pom
2018-01-30 14:42:23,253 [Worker-74] INFO  o.e.m.c.i.e.AbstractTransferListenerAdapter - Downloading http://repo.maven.apache.org/maven2/com/jcraft/jsch/0.1.54/jsch-0.1.54.pom
2018-01-30 14:42:24,535 [Worker-74] INFO  o.e.m.c.i.e.AbstractTransferListenerAdapter - Downloaded http://repo.maven.apache.org/maven2/com/jcraft/jsch/0.1.54/jsch-0.1.54.pom
2018-01-30 14:42:25,175 [Worker-74] INFO  o.e.m.c.i.e.AbstractTransferListenerAdapter - Downloading http://repo.maven.apache.org/maven2/org/sonatype/oss/oss-parent/6/oss-parent-6.pom
2018-01-30 14:42:27,560 [Worker-74] INFO  o.e.m.c.i.e.AbstractTransferListenerAdapter - Downloaded http://repo.maven.apache.org/maven2/org/sonatype/oss/oss-parent/6/oss-parent-6.pom
2018-01-30 14:42:27,927 [Worker-74] INFO  o.e.m.c.i.e.AbstractTransferListenerAdapter - Downloading http://repo.maven.apache.org/maven2/com/jcraft/jsch.agentproxy.connector-factory/0.0.9/jsch.agentproxy.connector-factory-0.0.9.pom
2018-01-30 14:42:32,096 [Worker-74] INFO  o.e.m.c.i.e.AbstractTransferListenerAdapter - Downloaded http://repo.maven.apache.org/maven2/com/jcraft/jsch.agentproxy.connector-factory/0.0.9/jsch.agentproxy.connector-factory-0.0.9.pom
2018-01-30 14:42:35,606 [Worker-74] INFO  o.e.m.c.i.e.AbstractTransferListenerAdapter - Downloading http://repo.maven.apache.org/maven2/com/jcraft/jsch.agentproxy/0.0.9/jsch.agentproxy-0.0.9.pom
2018-01-30 14:42:37,655 [Worker-74] INFO  o.e.m.c.i.e.AbstractTransferListenerAdapter - Downloaded http://repo.maven.apache.org/maven2/com/jcraft/jsch.agentproxy/0.0.9/jsch.agentproxy-0.0.9.pom
2018-01-30 14:42:38,300 [Worker-74] INFO  o.e.m.c.i.e.AbstractTransferListenerAdapter - Downloading http://repo.maven.apache.org/maven2/com/jcraft/jsch.agentproxy.core/0.0.9/jsch.agentproxy.core-0.0.9.pom
2018-01-30 14:42:39,579 [Worker-74] INFO  o.e.m.c.i.e.AbstractTransferListenerAdapter - Downloaded http://repo.maven.apache.org/maven2/com/jcraft/jsch.agentproxy.core/0.0.9/jsch.agentproxy.core-0.0.9.pom
2018-01-30 14:42:40,215 [Worker-74] INFO  o.e.m.c.i.e.AbstractTransferListenerAdapter - Downloading http://repo.maven.apache.org/maven2/com/jcraft/jsch.agentproxy.usocket-jna/0.0.9/jsch.agentproxy.usocket-jna-0.0.9.pom
2018-01-30 14:42:41,502 [Worker-74] INFO  o.e.m.c.i.e.AbstractTransferListenerAdapter - Downloaded http://repo.maven.apache.org/maven2/com/jcraft/jsch.agentproxy.usocket-jna/0.0.9/jsch.agentproxy.usocket-jna-0.0.9.pom
2018-01-30 14:42:42,133 [Worker-74] INFO  o.e.m.c.i.e.AbstractTransferListenerAdapter - Downloading http://repo.maven.apache.org/maven2/net/java/dev/jna/jna/4.1.0/jna-4.1.0.pom
2018-01-30 14:42:43,102 [Worker-74] INFO  o.e.m.c.i.e.AbstractTransferListenerAdapter - Downloaded http://repo.maven.apache.org/maven2/net/java/dev/jna/jna/4.1.0/jna-4.1.0.pom
2018-01-30 14:42:44,383 [Worker-74] INFO  o.e.m.c.i.e.AbstractTransferListenerAdapter - Downloading http://repo.maven.apache.org/maven2/net/java/dev/jna/jna-platform/4.1.0/jna-platform-4.1.0.pom
2018-01-30 14:42:45,662 [Worker-74] INFO  o.e.m.c.i.e.AbstractTransferListenerAdapter - Downloaded http://repo.maven.apache.org/maven2/net/java/dev/jna/jna-platform/4.1.0/jna-platform-4.1.0.pom
2018-01-30 14:42:46,294 [Worker-74] INFO  o.e.m.c.i.e.AbstractTransferListenerAdapter - Downloading http://repo.maven.apache.org/maven2/com/jcraft/jsch.agentproxy.usocket-nc/0.0.9/jsch.agentproxy.usocket-nc-0.0.9.pom
2018-01-30 14:42:47,263 [Worker-74] INFO  o.e.m.c.i.e.AbstractTransferListenerAdapter - Downloaded http://repo.maven.apache.org/maven2/com/jcraft/jsch.agentproxy.usocket-nc/0.0.9/jsch.agentproxy.usocket-nc-0.0.9.pom
2018-01-30 14:42:47,893 [Worker-74] INFO  o.e.m.c.i.e.AbstractTransferListenerAdapter - Downloading http://repo.maven.apache.org/maven2/com/jcraft/jsch.agentproxy.sshagent/0.0.9/jsch.agentproxy.sshagent-0.0.9.pom
2018-01-30 14:42:48,865 [Worker-74] INFO  o.e.m.c.i.e.AbstractTransferListenerAdapter - Downloaded http://repo.maven.apache.org/maven2/com/jcraft/jsch.agentproxy.sshagent/0.0.9/jsch.agentproxy.sshagent-0.0.9.pom
2018-01-30 14:42:49,496 [Worker-74] INFO  o.e.m.c.i.e.AbstractTransferListenerAdapter - Downloading http://repo.maven.apache.org/maven2/com/jcraft/jsch.agentproxy.pageant/0.0.9/jsch.agentproxy.pageant-0.0.9.pom
2018-01-30 14:42:51,420 [Worker-74] INFO  o.e.m.c.i.e.AbstractTransferListenerAdapter - Downloaded http://repo.maven.apache.org/maven2/com/jcraft/jsch.agentproxy.pageant/0.0.9/jsch.agentproxy.pageant-0.0.9.pom
2018-01-30 14:42:52,170 [Worker-74] INFO  o.e.m.c.i.e.AbstractTransferListenerAdapter - Downloading http://repo.maven.apache.org/maven2/com/jcraft/jsch.agentproxy.jsch/0.0.9/jsch.agentproxy.jsch-0.0.9.pom
2018-01-30 14:42:53,032 [Worker-74] INFO  o.e.m.c.i.e.AbstractTransferListenerAdapter - Downloaded http://repo.maven.apache.org/maven2/com/jcraft/jsch.agentproxy.jsch/0.0.9/jsch.agentproxy.jsch-0.0.9.pom
2018-01-30 14:42:53,664 [Worker-74] INFO  o.e.m.c.i.e.AbstractTransferListenerAdapter - Downloading http://repo.maven.apache.org/maven2/com/jcraft/jsch/0.1.49/jsch-0.1.49.pom
2018-01-30 14:42:55,266 [Worker-74] INFO  o.e.m.c.i.e.AbstractTransferListenerAdapter - Downloaded http://repo.maven.apache.org/maven2/com/jcraft/jsch/0.1.49/jsch-0.1.49.pom
2018-01-30 14:42:55,607 [Worker-74] INFO  o.e.m.c.i.e.AbstractTransferListenerAdapter - Downloading http://repo.maven.apache.org/maven2/org/codehaus/plexus/plexus-utils/3.0.24/plexus-utils-3.0.24.pom
2018-01-30 14:42:56,584 [Worker-74] INFO  o.e.m.c.i.e.AbstractTransferListenerAdapter - Downloaded http://repo.maven.apache.org/maven2/org/codehaus/plexus/plexus-utils/3.0.24/plexus-utils-3.0.24.pom
2018-01-30 14:42:56,921 [Worker-74] INFO  o.e.m.c.i.e.AbstractTransferListenerAdapter - Downloading http://repo.maven.apache.org/maven2/org/codehaus/plexus/plexus/4.0/plexus-4.0.pom
2018-01-30 14:42:59,744 [Worker-74] INFO  o.e.m.c.i.e.AbstractTransferListenerAdapter - Downloaded http://repo.maven.apache.org/maven2/org/codehaus/plexus/plexus/4.0/plexus-4.0.pom
2018-01-30 14:43:00,372 [Worker-74] INFO  o.e.m.c.i.e.AbstractTransferListenerAdapter - Downloading http://repo.maven.apache.org/maven2/org/codehaus/plexus/plexus-interactivity-api/1.0-alpha-6/plexus-interactivity-api-1.0-alpha-6.pom
2018-01-30 14:43:01,659 [Worker-74] INFO  o.e.m.c.i.e.AbstractTransferListenerAdapter - Downloaded http://repo.maven.apache.org/maven2/org/codehaus/plexus/plexus-interactivity-api/1.0-alpha-6/plexus-interactivity-api-1.0-alpha-6.pom
2018-01-30 14:43:02,046 [Worker-74] INFO  o.e.m.c.i.e.AbstractTransferListenerAdapter - Downloading http://repo.maven.apache.org/maven2/org/codehaus/plexus/plexus-interactivity/1.0-alpha-6/plexus-interactivity-1.0-alpha-6.pom
2018-01-30 14:43:02,942 [Worker-74] INFO  o.e.m.c.i.e.AbstractTransferListenerAdapter - Downloaded http://repo.maven.apache.org/maven2/org/codehaus/plexus/plexus-interactivity/1.0-alpha-6/plexus-interactivity-1.0-alpha-6.pom
2018-01-30 14:43:03,573 [Worker-74] INFO  o.e.m.c.i.e.AbstractTransferListenerAdapter - Downloading http://repo.maven.apache.org/maven2/org/codehaus/plexus/plexus-components/1.1.9/plexus-components-1.1.9.pom
2018-01-30 14:43:04,535 [Worker-74] INFO  o.e.m.c.i.e.AbstractTransferListenerAdapter - Downloaded http://repo.maven.apache.org/maven2/org/codehaus/plexus/plexus-components/1.1.9/plexus-components-1.1.9.pom
2018-01-30 14:43:05,177 [Worker-74] INFO  o.e.m.c.i.e.AbstractTransferListenerAdapter - Downloading http://repo.maven.apache.org/maven2/org/codehaus/plexus/plexus-component-api/1.0-alpha-16/plexus-component-api-1.0-alpha-16.pom
2018-01-30 14:43:06,147 [Worker-74] INFO  o.e.m.c.i.e.AbstractTransferListenerAdapter - Downloaded http://repo.maven.apache.org/maven2/org/codehaus/plexus/plexus-component-api/1.0-alpha-16/plexus-component-api-1.0-alpha-16.pom
2018-01-30 14:43:06,774 [Worker-74] INFO  o.e.m.c.i.e.AbstractTransferListenerAdapter - Downloading http://repo.maven.apache.org/maven2/org/codehaus/plexus/plexus-containers/1.0-alpha-16/plexus-containers-1.0-alpha-16.pom
2018-01-30 14:43:08,053 [Worker-74] INFO  o.e.m.c.i.e.AbstractTransferListenerAdapter - Downloaded http://repo.maven.apache.org/maven2/org/codehaus/plexus/plexus-containers/1.0-alpha-16/plexus-containers-1.0-alpha-16.pom
2018-01-30 14:43:08,693 [Worker-74] INFO  o.e.m.c.i.e.AbstractTransferListenerAdapter - Downloading http://repo.maven.apache.org/maven2/org/codehaus/plexus/plexus/1.0.9/plexus-1.0.9.pom
2018-01-30 14:43:10,614 [Worker-74] INFO  o.e.m.c.i.e.AbstractTransferListenerAdapter - Downloaded http://repo.maven.apache.org/maven2/org/codehaus/plexus/plexus/1.0.9/plexus-1.0.9.pom
2018-01-30 14:43:11,253 [Worker-74] INFO  o.e.m.c.i.e.AbstractTransferListenerAdapter - Downloading http://repo.maven.apache.org/maven2/org/codehaus/plexus/plexus-classworlds/1.2-alpha-7/plexus-classworlds-1.2-alpha-7.pom
2018-01-30 14:43:12,567 [Worker-74] INFO  o.e.m.c.i.e.AbstractTransferListenerAdapter - Downloaded http://repo.maven.apache.org/maven2/org/codehaus/plexus/plexus-classworlds/1.2-alpha-7/plexus-classworlds-1.2-alpha-7.pom
2018-01-30 14:43:13,685 [Worker-74] INFO  o.e.m.c.i.e.AbstractTransferListenerAdapter - Downloading http://repo.maven.apache.org/maven2/junit/junit/4.11/junit-4.11.pom
2018-01-30 14:43:14,465 [Worker-74] INFO  o.e.m.c.i.e.AbstractTransferListenerAdapter - Downloaded http://repo.maven.apache.org/maven2/junit/junit/4.11/junit-4.11.pom
2018-01-30 14:43:14,889 [Worker-74] INFO  o.e.m.c.i.e.AbstractTransferListenerAdapter - Downloading http://repo.maven.apache.org/maven2/org/apache/maven/wagon/wagon-ssh-common/2.12/wagon-ssh-common-2.12.pom
2018-01-30 14:43:16,052 [Worker-74] INFO  o.e.m.c.i.e.AbstractTransferListenerAdapter - Downloaded http://repo.maven.apache.org/maven2/org/apache/maven/wagon/wagon-ssh-common/2.12/wagon-ssh-common-2.12.pom
2018-01-30 14:43:16,709 [Worker-74] INFO  o.e.m.c.i.e.AbstractTransferListenerAdapter - Downloading http://repo.maven.apache.org/maven2/org/apache/maven/wagon/wagon-provider-api/2.12/wagon-provider-api-2.12.pom
2018-01-30 14:43:18,935 [Worker-74] INFO  o.e.m.c.i.e.AbstractTransferListenerAdapter - Downloaded http://repo.maven.apache.org/maven2/org/apache/maven/wagon/wagon-provider-api/2.12/wagon-provider-api-2.12.pom
2018-01-30 14:43:19,373 [Worker-74] INFO  o.e.m.c.i.e.AbstractTransferListenerAdapter - Downloading http://repo.maven.apache.org/maven2/org/apache/maven/wagon/wagon-ssh/2.12/wagon-ssh-2.12.jar
2018-01-30 14:43:24,702 [Worker-74] INFO  o.e.m.c.i.e.AbstractTransferListenerAdapter - Downloaded http://repo.maven.apache.org/maven2/org/apache/maven/wagon/wagon-ssh/2.12/wagon-ssh-2.12.jar
2018-01-30 14:43:25,017 [Worker-74] INFO  o.e.m.c.i.e.AbstractTransferListenerAdapter - Downloading http://repo.maven.apache.org/maven2/com/jcraft/jsch/0.1.54/jsch-0.1.54.jar
2018-01-30 14:43:53,607 [Worker-74] INFO  o.e.m.c.i.e.AbstractTransferListenerAdapter - Downloaded http://repo.maven.apache.org/maven2/com/jcraft/jsch/0.1.54/jsch-0.1.54.jar
2018-01-30 14:43:53,984 [Worker-74] INFO  o.e.m.c.i.e.AbstractTransferListenerAdapter - Downloading http://repo.maven.apache.org/maven2/com/jcraft/jsch.agentproxy.connector-factory/0.0.9/jsch.agentproxy.connector-factory-0.0.9.jar
2018-01-30 14:43:55,656 [Worker-74] INFO  o.e.m.c.i.e.AbstractTransferListenerAdapter - Downloaded http://repo.maven.apache.org/maven2/com/jcraft/jsch.agentproxy.connector-factory/0.0.9/jsch.agentproxy.connector-factory-0.0.9.jar
2018-01-30 14:43:55,997 [Worker-74] INFO  o.e.m.c.i.e.AbstractTransferListenerAdapter - Downloading http://repo.maven.apache.org/maven2/com/jcraft/jsch.agentproxy.core/0.0.9/jsch.agentproxy.core-0.0.9.jar
2018-01-30 14:43:57,275 [Worker-74] INFO  o.e.m.c.i.e.AbstractTransferListenerAdapter - Downloaded http://repo.maven.apache.org/maven2/com/jcraft/jsch.agentproxy.core/0.0.9/jsch.agentproxy.core-0.0.9.jar
2018-01-30 14:43:57,663 [Worker-74] INFO  o.e.m.c.i.e.AbstractTransferListenerAdapter - Downloading http://repo.maven.apache.org/maven2/com/jcraft/jsch.agentproxy.usocket-jna/0.0.9/jsch.agentproxy.usocket-jna-0.0.9.jar
2018-01-30 14:43:59,968 [Worker-74] INFO  o.e.m.c.i.e.AbstractTransferListenerAdapter - Downloaded http://repo.maven.apache.org/maven2/com/jcraft/jsch.agentproxy.usocket-jna/0.0.9/jsch.agentproxy.usocket-jna-0.0.9.jar
2018-01-30 14:44:00,528 [Worker-74] INFO  o.e.m.c.i.e.AbstractTransferListenerAdapter - Downloading http://repo.maven.apache.org/maven2/net/java/dev/jna/jna/4.1.0/jna-4.1.0.jar
2018-01-30 14:44:47,326 [Worker-74] INFO  o.e.m.c.i.e.AbstractTransferListenerAdapter - Downloaded http://repo.maven.apache.org/maven2/net/java/dev/jna/jna/4.1.0/jna-4.1.0.jar
2018-01-30 14:44:47,651 [Worker-74] INFO  o.e.m.c.i.e.AbstractTransferListenerAdapter - Downloading http://repo.maven.apache.org/maven2/net/java/dev/jna/jna-platform/4.1.0/jna-platform-4.1.0.jar
2018-01-30 14:46:16,848 [Worker-74] INFO  o.e.m.c.i.e.AbstractTransferListenerAdapter - Downloaded http://repo.maven.apache.org/maven2/net/java/dev/jna/jna-platform/4.1.0/jna-platform-4.1.0.jar
2018-01-30 14:46:17,515 [Worker-74] INFO  o.e.m.c.i.e.AbstractTransferListenerAdapter - Downloading http://repo.maven.apache.org/maven2/com/jcraft/jsch.agentproxy.usocket-nc/0.0.9/jsch.agentproxy.usocket-nc-0.0.9.jar
2018-01-30 14:46:18,772 [Worker-74] INFO  o.e.m.c.i.e.AbstractTransferListenerAdapter - Downloaded http://repo.maven.apache.org/maven2/com/jcraft/jsch.agentproxy.usocket-nc/0.0.9/jsch.agentproxy.usocket-nc-0.0.9.jar
2018-01-30 14:46:19,405 [Worker-74] INFO  o.e.m.c.i.e.AbstractTransferListenerAdapter - Downloading http://repo.maven.apache.org/maven2/com/jcraft/jsch.agentproxy.sshagent/0.0.9/jsch.agentproxy.sshagent-0.0.9.jar
2018-01-30 14:46:20,130 [Worker-74] INFO  o.e.m.c.i.e.AbstractTransferListenerAdapter - Downloaded http://repo.maven.apache.org/maven2/com/jcraft/jsch.agentproxy.sshagent/0.0.9/jsch.agentproxy.sshagent-0.0.9.jar
2018-01-30 14:46:20,685 [Worker-74] INFO  o.e.m.c.i.e.AbstractTransferListenerAdapter - Downloading http://repo.maven.apache.org/maven2/com/jcraft/jsch.agentproxy.pageant/0.0.9/jsch.agentproxy.pageant-0.0.9.jar
2018-01-30 14:46:21,967 [Worker-74] INFO  o.e.m.c.i.e.AbstractTransferListenerAdapter - Downloaded http://repo.maven.apache.org/maven2/com/jcraft/jsch.agentproxy.pageant/0.0.9/jsch.agentproxy.pageant-0.0.9.jar
2018-01-30 14:46:22,390 [Worker-74] INFO  o.e.m.c.i.e.AbstractTransferListenerAdapter - Downloading http://repo.maven.apache.org/maven2/com/jcraft/jsch.agentproxy.jsch/0.0.9/jsch.agentproxy.jsch-0.0.9.jar
2018-01-30 14:46:25,496 [Worker-74] INFO  o.e.m.c.i.e.AbstractTransferListenerAdapter - Downloaded http://repo.maven.apache.org/maven2/com/jcraft/jsch.agentproxy.jsch/0.0.9/jsch.agentproxy.jsch-0.0.9.jar
2018-01-30 14:46:26,123 [Worker-74] INFO  o.e.m.c.i.e.AbstractTransferListenerAdapter - Downloading http://repo.maven.apache.org/maven2/org/codehaus/plexus/plexus-utils/3.0.24/plexus-utils-3.0.24.jar
2018-01-30 14:46:43,729 [Worker-74] INFO  o.e.m.c.i.e.AbstractTransferListenerAdapter - Downloaded http://repo.maven.apache.org/maven2/org/codehaus/plexus/plexus-utils/3.0.24/plexus-utils-3.0.24.jar
2018-01-30 14:46:45,017 [Worker-74] INFO  o.e.m.c.i.e.AbstractTransferListenerAdapter - Downloading http://repo.maven.apache.org/maven2/org/codehaus/plexus/plexus-interactivity-api/1.0-alpha-6/plexus-interactivity-api-1.0-alpha-6.jar
2018-01-30 14:46:50,119 [Worker-74] INFO  o.e.m.c.i.e.AbstractTransferListenerAdapter - Downloaded http://repo.maven.apache.org/maven2/org/codehaus/plexus/plexus-interactivity-api/1.0-alpha-6/plexus-interactivity-api-1.0-alpha-6.jar
2018-01-30 14:46:50,450 [Worker-74] INFO  o.e.m.c.i.e.AbstractTransferListenerAdapter - Downloading http://repo.maven.apache.org/maven2/junit/junit/4.11/junit-4.11.jar
2018-01-30 14:47:09,713 [Worker-74] INFO  o.e.m.c.i.e.AbstractTransferListenerAdapter - Downloaded http://repo.maven.apache.org/maven2/junit/junit/4.11/junit-4.11.jar
2018-01-30 14:47:10,285 [Worker-74] INFO  o.e.m.c.i.e.AbstractTransferListenerAdapter - Downloading http://repo.maven.apache.org/maven2/org/hamcrest/hamcrest-core/1.3/hamcrest-core-1.3.jar
2018-01-30 14:47:15,727 [Worker-74] INFO  o.e.m.c.i.e.AbstractTransferListenerAdapter - Downloaded http://repo.maven.apache.org/maven2/org/hamcrest/hamcrest-core/1.3/hamcrest-core-1.3.jar
2018-01-30 14:47:16,363 [Worker-74] INFO  o.e.m.c.i.e.AbstractTransferListenerAdapter - Downloading http://repo.maven.apache.org/maven2/org/apache/maven/wagon/wagon-ssh-common/2.12/wagon-ssh-common-2.12.jar
2018-01-30 14:47:19,246 [Worker-74] INFO  o.e.m.c.i.e.AbstractTransferListenerAdapter - Downloaded http://repo.maven.apache.org/maven2/org/apache/maven/wagon/wagon-ssh-common/2.12/wagon-ssh-common-2.12.jar
2018-02-09 13:40:00,843 [Start Help Server] INFO  org.eclipse.jetty.server.Server - jetty-8.1.16.v20140903
2018-02-09 13:40:00,968 [Start Help Server] INFO  o.e.jetty.server.AbstractConnector - Started SelectChannelConnector@127.0.0.1:51762
2018-02-09 16:52:31,711 [Stop Help Server] INFO  o.e.j.server.handler.ContextHandler - stopped o.e.j.s.ServletContextHandler{/help,null}
2018-03-02 08:51:08,025 [Start Help Server] INFO  org.eclipse.jetty.server.Server - jetty-8.1.16.v20140903
2018-03-02 08:51:08,150 [Start Help Server] INFO  o.e.jetty.server.AbstractConnector - Started SelectChannelConnector@127.0.0.1:64548
2018-03-12 15:02:22,886 [Start Help Server] INFO  org.eclipse.jetty.server.Server - jetty-8.1.16.v20140903
2018-03-12 15:02:22,966 [Start Help Server] INFO  o.e.jetty.server.AbstractConnector - Started SelectChannelConnector@127.0.0.1:51556
2018-03-13 09:34:07,268 [Start Help Server] INFO  org.eclipse.jetty.server.Server - jetty-8.1.16.v20140903
2018-03-13 09:34:07,382 [Start Help Server] INFO  o.e.jetty.server.AbstractConnector - Started SelectChannelConnector@127.0.0.1:53119
2018-03-16 09:13:04,889 [Start Help Server] INFO  org.eclipse.jetty.server.Server - jetty-8.1.16.v20140903
2018-03-16 09:13:05,125 [Start Help Server] INFO  o.e.jetty.server.AbstractConnector - Started SelectChannelConnector@127.0.0.1:65018
2018-03-20 10:31:40,226 [Start Help Server] INFO  org.eclipse.jetty.server.Server - jetty-8.1.16.v20140903
2018-03-20 10:31:40,340 [Start Help Server] INFO  o.e.jetty.server.AbstractConnector - Started SelectChannelConnector@127.0.0.1:57424
2018-03-20 16:14:08,584 [Stop Help Server] INFO  o.e.j.server.handler.ContextHandler - stopped o.e.j.s.ServletContextHandler{/help,null}
2018-03-21 10:09:16,712 [Start Help Server] INFO  org.eclipse.jetty.server.Server - jetty-8.1.16.v20140903
2018-03-21 10:09:16,869 [Start Help Server] INFO  o.e.jetty.server.AbstractConnector - Started SelectChannelConnector@127.0.0.1:58855
2018-03-21 16:44:07,648 [Stop Help Server] INFO  o.e.j.server.handler.ContextHandler - stopped o.e.j.s.ServletContextHandler{/help,null}
2018-03-22 09:58:06,685 [Start Help Server] INFO  org.eclipse.jetty.server.Server - jetty-8.1.16.v20140903
2018-03-22 09:58:06,809 [Start Help Server] INFO  o.e.jetty.server.AbstractConnector - Started SelectChannelConnector@127.0.0.1:61291
2018-03-23 16:04:11,319 [Start Help Server] INFO  org.eclipse.jetty.server.Server - jetty-8.1.16.v20140903
2018-03-23 16:04:11,477 [Start Help Server] INFO  o.e.jetty.server.AbstractConnector - Started SelectChannelConnector@127.0.0.1:51241
2018-03-23 16:58:01,045 [Stop Help Server] INFO  o.e.j.server.handler.ContextHandler - stopped o.e.j.s.ServletContextHandler{/help,null}
